demo/build/intermediates/manifest_merge_blame_file/debug/manifest-merger-blame-debug-report.txt
1<?xml version="1.0" encoding="utf-8"?>
2<manifest xmlns:android="http://schemas.android.com/apk/res/android"
3    package="com.netease.nim.demo"
4    android:installLocation="auto"
5    android:versionCode="25"
6    android:versionName="2.6.0" >
7
8    <uses-sdk
9        android:minSdkVersion="16"
9-->sportView\demo\AndroidManifest.xml
10        android:targetSdkVersion="30" />
10-->sportView\demo\AndroidManifest.xml
11    <!-- 加入应用需要的权限 -->
12    <!-- 网络相关 -->
13    <uses-permission android:name="android.permission.INTERNET" />
13-->sportView\demo\AndroidManifest.xml:11:5-67
13-->sportView\demo\AndroidManifest.xml:11:22-64
14    <uses-permission android:name="android.permission.ACCESS_WIFI_STATE" />
14-->sportView\demo\AndroidManifest.xml:12:5-76
14-->sportView\demo\AndroidManifest.xml:12:22-73
15    <uses-permission android:name="android.permission.ACCESS_NETWORK_STATE" />
15-->sportView\demo\AndroidManifest.xml:13:5-79
15-->sportView\demo\AndroidManifest.xml:13:22-76
16    <uses-permission android:name="android.permission.WRITE_EXTERNAL_STORAGE" />
16-->sportView\demo\AndroidManifest.xml:14:5-81
16-->sportView\demo\AndroidManifest.xml:14:22-78
17    <uses-permission android:name="android.permission.INTERNET" />
17-->sportView\demo\AndroidManifest.xml:11:5-67
17-->sportView\demo\AndroidManifest.xml:11:22-64
18    <uses-permission android:name="android.permission.ACCESS_NETWORK_STATE" />
18-->sportView\demo\AndroidManifest.xml:13:5-79
18-->sportView\demo\AndroidManifest.xml:13:22-76
19    <uses-permission android:name="android.permission.ACCESS_WIFI_STATE" />
19-->sportView\demo\AndroidManifest.xml:12:5-76
19-->sportView\demo\AndroidManifest.xml:12:22-73
20    <uses-permission android:name="android.permission.CHANGE_WIFI_STATE" />
20-->sportView\demo\AndroidManifest.xml:18:5-76
20-->sportView\demo\AndroidManifest.xml:18:22-73
21    <uses-permission android:name="android.permission.ACCESS_FINE_LOCATION" />
21-->sportView\demo\AndroidManifest.xml:19:5-79
21-->sportView\demo\AndroidManifest.xml:19:22-76
22    <uses-permission android:name="android.permission.ACCESS_COARSE_LOCATION" />
22-->sportView\demo\AndroidManifest.xml:20:5-81
22-->sportView\demo\AndroidManifest.xml:20:22-78
23    <!-- 手机状态 -->
24    <uses-permission android:name="android.permission.GET_TASKS" />
24-->sportView\demo\AndroidManifest.xml:22:5-68
24-->sportView\demo\AndroidManifest.xml:22:22-65
25    <uses-permission android:name="android.permission.FLASHLIGHT" />
25-->sportView\demo\AndroidManifest.xml:23:5-69
25-->sportView\demo\AndroidManifest.xml:23:22-66
26    <uses-permission android:name="android.permission.VIBRATE" />
26-->sportView\demo\AndroidManifest.xml:24:5-66
26-->sportView\demo\AndroidManifest.xml:24:22-63
27    <uses-permission android:name="android.permission.WAKE_LOCK" />
27-->sportView\demo\AndroidManifest.xml:25:5-68
27-->sportView\demo\AndroidManifest.xml:25:22-65
28    <uses-permission android:name="android.permission.BLUETOOTH" />
28-->sportView\demo\AndroidManifest.xml:26:5-68
28-->sportView\demo\AndroidManifest.xml:26:22-65
29    <uses-permission android:name="android.permission.BLUETOOTH_ADMIN" />
29-->sportView\demo\AndroidManifest.xml:27:5-74
29-->sportView\demo\AndroidManifest.xml:27:22-71
30    <uses-permission android:name="android.permission.MODIFY_AUDIO_SETTINGS" />
30-->sportView\demo\AndroidManifest.xml:28:5-80
30-->sportView\demo\AndroidManifest.xml:28:22-77
31    <!-- 读写文件 -->
32    <uses-permission android:name="android.permission.READ_EXTERNAL_STORAGE" />
32-->sportView\demo\AndroidManifest.xml:30:5-80
32-->sportView\demo\AndroidManifest.xml:30:22-77
33    <uses-permission android:name="android.permission.WRITE_EXTERNAL_STORAGE" />
33-->sportView\demo\AndroidManifest.xml:14:5-81
33-->sportView\demo\AndroidManifest.xml:14:22-78
34    <!-- 多媒体 -->
35    <uses-permission android:name="android.permission.CAMERA" />
35-->sportView\demo\AndroidManifest.xml:34:5-65
35-->sportView\demo\AndroidManifest.xml:34:22-62
36    <uses-permission android:name="android.permission.RECORD_AUDIO" />
36-->sportView\demo\AndroidManifest.xml:35:5-71
36-->sportView\demo\AndroidManifest.xml:35:22-68
37    <uses-permission android:name="android.permission.READ_PHONE_STATE" />
37-->sportView\demo\AndroidManifest.xml:36:5-75
37-->sportView\demo\AndroidManifest.xml:36:22-72
38    //定位包、导航包需要的额外权限（注：基础权限也需要）
39    <uses-permission android:name="android.permission.ACCESS_FINE_LOCATION" />
39-->sportView\demo\AndroidManifest.xml:19:5-79
39-->sportView\demo\AndroidManifest.xml:19:22-76
40    <uses-permission android:name="android.permission.ACCESS_LOCATION_EXTRA_COMMANDS" />
40-->sportView\demo\AndroidManifest.xml:39:5-89
40-->sportView\demo\AndroidManifest.xml:39:22-86
41    <uses-permission android:name="android.permission.CHANGE_WIFI_STATE" />
41-->sportView\demo\AndroidManifest.xml:18:5-76
41-->sportView\demo\AndroidManifest.xml:18:22-73
42    <!-- 允许程序打开网络套接字 -->
43    <uses-permission android:name="android.permission.INTERNET" />
43-->sportView\demo\AndroidManifest.xml:11:5-67
43-->sportView\demo\AndroidManifest.xml:11:22-64
44    <!-- 允许程序设置内置sd卡的写权限 -->
45    <uses-permission android:name="android.permission.WRITE_EXTERNAL_STORAGE" />
45-->sportView\demo\AndroidManifest.xml:14:5-81
45-->sportView\demo\AndroidManifest.xml:14:22-78
46    <!-- 允许程序获取网络状态 -->
47    <uses-permission android:name="android.permission.ACCESS_NETWORK_STATE" />
47-->sportView\demo\AndroidManifest.xml:13:5-79
47-->sportView\demo\AndroidManifest.xml:13:22-76
48    <!-- 允许程序访问WiFi网络信息 -->
49    <uses-permission android:name="android.permission.ACCESS_WIFI_STATE" />
49-->sportView\demo\AndroidManifest.xml:12:5-76
49-->sportView\demo\AndroidManifest.xml:12:22-73
50    <!-- 允许程序读写手机状态和身份 -->
51    <uses-permission android:name="android.permission.READ_PHONE_STATE" />
51-->sportView\demo\AndroidManifest.xml:36:5-75
51-->sportView\demo\AndroidManifest.xml:36:22-72
52    <!-- 允许程序访问CellID或WiFi热点来获取粗略的位置 -->
53    <uses-permission android:name="android.permission.ACCESS_COARSE_LOCATION" />
53-->sportView\demo\AndroidManifest.xml:20:5-81
53-->sportView\demo\AndroidManifest.xml:20:22-78
54
55    <!-- SDK权限申明, 第三方APP接入时，请将com.netease.nim.demo替换为自己的包名 -->
56    <!-- 和下面的uses-permission一起加入到你的AndroidManifest文件中。 -->
57    <permission
57-->sportView\demo\AndroidManifest.xml:57:5-59:47
58        android:name="com.netease.nim.demo.permission.RECEIVE_MSG"
58-->sportView\demo\AndroidManifest.xml:58:9-67
59        android:protectionLevel="signature" />
59-->sportView\demo\AndroidManifest.xml:59:9-44
60
61    <!-- 接受SDK消息广播权限， 第三方APP接入时，请将com.netease.nim.demo替换为自己的包名 -->
62    <uses-permission android:name="com.netease.nim.demo.permission.RECEIVE_MSG" />
62-->sportView\demo\AndroidManifest.xml:62:5-83
62-->sportView\demo\AndroidManifest.xml:62:22-80
63
64    <application
64-->sportView\demo\AndroidManifest.xml:64:5-421:19
65        android:name="com.netease.nim.demo.NimApplication"
65-->sportView\demo\AndroidManifest.xml:65:9-39
66        android:allowBackup="true"
66-->sportView\demo\AndroidManifest.xml:66:9-35
67        android:appComponentFactory="androidx.core.app.CoreComponentFactory"
67-->[androidx.core:core:1.3.1] AndroidManifest.xml:24:18-86
68        android:debuggable="true"
69        android:icon="@drawable/app_icon"
69-->sportView\demo\AndroidManifest.xml:67:9-42
70        android:label="@string/app_name"
70-->sportView\demo\AndroidManifest.xml:68:9-41
71        android:testOnly="true"
72        android:theme="@style/AppTheme.NoActionBar" >
72-->sportView\demo\AndroidManifest.xml:69:9-52
73        <meta-data
73-->sportView\demo\AndroidManifest.xml:70:9-72:64
74            android:name="com.amap.api.v2.apikey"
74-->sportView\demo\AndroidManifest.xml:71:13-50
75            android:value="e90bb2a9c37cf7dab1edc07c3f301680" />
75-->sportView\demo\AndroidManifest.xml:72:13-61
76
77        <!-- 如果IDE是Eclipse，此处可将build.gradle中的AMAP_KEY定义拷贝过来。 -->
78        <!-- <meta-data -->
79        <!-- android:name="com.amap.api.v2.apikey" -->
80        <!-- android:value="${AMAP_KEY}" /> -->
81        <meta-data
81-->sportView\demo\AndroidManifest.xml:78:9-80:64
82            android:name="com.netease.nim.appKey"
82-->sportView\demo\AndroidManifest.xml:79:13-50
83            android:value="411c114eaef2c929392dc836cb4205ab" />
83-->sportView\demo\AndroidManifest.xml:80:13-61
84
85        <!-- <uses-library -->
86        <!-- android:name="com.google.android.maps" -->
87        <!-- android:required="false" /> -->
88        <uses-library
88-->sportView\demo\AndroidManifest.xml:85:9-87:40
89            android:name="org.apache.http.legacy"
89-->sportView\demo\AndroidManifest.xml:86:13-50
90            android:required="false" />
90-->sportView\demo\AndroidManifest.xml:87:13-37
91
92        <!-- 导航页 -->
93        <activity
93-->sportView\demo\AndroidManifest.xml:90:9-103:24
94            android:name="com.netease.nim.demo.main.activity.WelcomeActivity"
94-->sportView\demo\AndroidManifest.xml:91:13-58
95            android:configChanges="keyboardHidden|orientation"
95-->sportView\demo\AndroidManifest.xml:92:13-63
96            android:label="@string/app_name"
96-->sportView\demo\AndroidManifest.xml:93:13-45
97            android:launchMode="singleTop"
97-->sportView\demo\AndroidManifest.xml:94:13-43
98            android:screenOrientation="portrait"
98-->sportView\demo\AndroidManifest.xml:95:13-49
99            android:theme="@style/WelcomeEntranceActionBarTheme"
99-->sportView\demo\AndroidManifest.xml:96:13-65
100            android:windowSoftInputMode="adjustPan" >
100-->sportView\demo\AndroidManifest.xml:97:13-52
101            <intent-filter>
101-->sportView\demo\AndroidManifest.xml:98:13-102:29
102                <action android:name="android.intent.action.MAIN" />
102-->sportView\demo\AndroidManifest.xml:99:17-69
102-->sportView\demo\AndroidManifest.xml:99:25-66
103
104                <category android:name="android.intent.category.LAUNCHER" />
104-->sportView\demo\AndroidManifest.xml:100:17-77
104-->sportView\demo\AndroidManifest.xml:100:27-74
105                <category android:name="android.intent.category.MULTIWINDOW_LAUNCHER" />
105-->sportView\demo\AndroidManifest.xml:101:17-89
105-->sportView\demo\AndroidManifest.xml:101:27-86
106            </intent-filter>
107        </activity>
108
109        <!-- 主界面 -->
110        <activity
110-->sportView\demo\AndroidManifest.xml:106:9-113:55
111            android:name="com.netease.nim.demo.main.activity.MainActivity"
111-->sportView\demo\AndroidManifest.xml:107:13-55
112            android:configChanges="keyboardHidden|orientation"
112-->sportView\demo\AndroidManifest.xml:108:13-63
113            android:hardwareAccelerated="true"
113-->sportView\demo\AndroidManifest.xml:109:13-47
114            android:launchMode="singleTop"
114-->sportView\demo\AndroidManifest.xml:110:13-43
115            android:screenOrientation="portrait"
115-->sportView\demo\AndroidManifest.xml:111:13-49
116            android:theme="@style/AppTheme.NoActionBar"
116-->sportView\demo\AndroidManifest.xml:112:13-56
117            android:windowSoftInputMode="adjustPan" />
117-->sportView\demo\AndroidManifest.xml:113:13-52
118
119        <!-- 多端登录管理 -->
120        <activity
120-->sportView\demo\AndroidManifest.xml:116:9-121:70
121            android:name="com.netease.nim.demo.main.activity.MultiportActivity"
121-->sportView\demo\AndroidManifest.xml:117:13-60
122            android:configChanges="keyboardHidden|orientation"
122-->sportView\demo\AndroidManifest.xml:118:13-63
123            android:screenOrientation="portrait"
123-->sportView\demo\AndroidManifest.xml:119:13-49
124            android:theme="@style/AppTheme.NoActionBar"
124-->sportView\demo\AndroidManifest.xml:120:13-56
125            android:windowSoftInputMode="adjustResize|stateHidden" />
125-->sportView\demo\AndroidManifest.xml:121:13-67
126
127        <!-- 登录界面 -->
128        <activity
128-->sportView\demo\AndroidManifest.xml:124:9-132:24
129            android:name="com.netease.nim.demo.login.LoginActivity"
129-->sportView\demo\AndroidManifest.xml:125:13-48
130            android:configChanges="orientation"
130-->sportView\demo\AndroidManifest.xml:126:13-48
131            android:label="@string/login"
131-->sportView\demo\AndroidManifest.xml:127:13-42
132            android:screenOrientation="portrait"
132-->sportView\demo\AndroidManifest.xml:128:13-49
133            android:theme="@style/LoginTheme"
133-->sportView\demo\AndroidManifest.xml:129:13-46
134            android:windowSoftInputMode="adjustResize|stateHidden" >
134-->sportView\demo\AndroidManifest.xml:130:13-67
135        </activity>
136
137        <!-- 关于 -->
138        <activity
138-->sportView\demo\AndroidManifest.xml:135:9-141:75
139            android:name="com.netease.nim.demo.main.activity.AboutActivity"
139-->sportView\demo\AndroidManifest.xml:136:13-56
140            android:configChanges="orientation"
140-->sportView\demo\AndroidManifest.xml:137:13-48
141            android:label="@string/about"
141-->sportView\demo\AndroidManifest.xml:138:13-42
142            android:screenOrientation="portrait"
142-->sportView\demo\AndroidManifest.xml:139:13-49
143            android:theme="@style/AppTheme.NoActionBar"
143-->sportView\demo\AndroidManifest.xml:140:13-56
144            android:windowSoftInputMode="adjustUnspecified|stateHidden" />
144-->sportView\demo\AndroidManifest.xml:141:13-72
145        <activity
145-->sportView\demo\AndroidManifest.xml:142:9-147:63
146            android:name="com.netease.nim.demo.main.activity.SettingsActivity"
146-->sportView\demo\AndroidManifest.xml:143:13-59
147            android:configChanges="orientation"
147-->sportView\demo\AndroidManifest.xml:144:13-48
148            android:screenOrientation="portrait"
148-->sportView\demo\AndroidManifest.xml:145:13-49
149            android:theme="@style/AppTheme.NoActionBar"
149-->sportView\demo\AndroidManifest.xml:146:13-56
150            android:windowSoftInputMode="stateAlwaysHidden" />
150-->sportView\demo\AndroidManifest.xml:147:13-60
151        <activity
151-->sportView\demo\AndroidManifest.xml:148:9-153:75
152            android:name="com.netease.nim.demo.main.activity.NoDisturbActivity"
152-->sportView\demo\AndroidManifest.xml:149:13-60
153            android:configChanges="orientation"
153-->sportView\demo\AndroidManifest.xml:150:13-48
154            android:screenOrientation="portrait"
154-->sportView\demo\AndroidManifest.xml:151:13-49
155            android:theme="@style/AppTheme.NoActionBar"
155-->sportView\demo\AndroidManifest.xml:152:13-56
156            android:windowSoftInputMode="adjustUnspecified|stateHidden" />
156-->sportView\demo\AndroidManifest.xml:153:13-72
157        <activity
157-->sportView\demo\AndroidManifest.xml:154:9-159:75
158            android:name="com.netease.nim.demo.contact.activity.AddFriendActivity"
158-->sportView\demo\AndroidManifest.xml:155:13-63
159            android:configChanges="orientation"
159-->sportView\demo\AndroidManifest.xml:156:13-48
160            android:screenOrientation="portrait"
160-->sportView\demo\AndroidManifest.xml:157:13-49
161            android:theme="@style/AppTheme.NoActionBar"
161-->sportView\demo\AndroidManifest.xml:158:13-56
162            android:windowSoftInputMode="adjustUnspecified|stateHidden" />
162-->sportView\demo\AndroidManifest.xml:159:13-72
163        <activity
163-->sportView\demo\AndroidManifest.xml:160:9-165:75
164            android:name="com.netease.nim.demo.contact.activity.UserProfileActivity"
164-->sportView\demo\AndroidManifest.xml:161:13-65
165            android:configChanges="orientation"
165-->sportView\demo\AndroidManifest.xml:162:13-48
166            android:screenOrientation="portrait"
166-->sportView\demo\AndroidManifest.xml:163:13-49
167            android:theme="@style/AppTheme.NoActionBar"
167-->sportView\demo\AndroidManifest.xml:164:13-56
168            android:windowSoftInputMode="adjustUnspecified|stateHidden" />
168-->sportView\demo\AndroidManifest.xml:165:13-72
169        <activity
169-->sportView\demo\AndroidManifest.xml:166:9-171:75
170            android:name="com.netease.nim.demo.contact.activity.UserProfileSettingActivity"
170-->sportView\demo\AndroidManifest.xml:167:13-72
171            android:configChanges="orientation"
171-->sportView\demo\AndroidManifest.xml:168:13-48
172            android:screenOrientation="portrait"
172-->sportView\demo\AndroidManifest.xml:169:13-49
173            android:theme="@style/AppTheme.NoActionBar"
173-->sportView\demo\AndroidManifest.xml:170:13-56
174            android:windowSoftInputMode="adjustUnspecified|stateHidden" />
174-->sportView\demo\AndroidManifest.xml:171:13-72
175        <activity
175-->sportView\demo\AndroidManifest.xml:172:9-177:75
176            android:name="com.netease.nim.demo.contact.activity.UserProfileEditItemActivity"
176-->sportView\demo\AndroidManifest.xml:173:13-73
177            android:configChanges="orientation"
177-->sportView\demo\AndroidManifest.xml:174:13-48
178            android:screenOrientation="portrait"
178-->sportView\demo\AndroidManifest.xml:175:13-49
179            android:theme="@style/AppTheme.NoActionBar"
179-->sportView\demo\AndroidManifest.xml:176:13-56
180            android:windowSoftInputMode="adjustUnspecified|stateHidden" />
180-->sportView\demo\AndroidManifest.xml:177:13-72
181        <activity
181-->sportView\demo\AndroidManifest.xml:178:9-183:75
182            android:name="com.netease.nim.demo.contact.activity.BlackListActivity"
182-->sportView\demo\AndroidManifest.xml:179:13-63
183            android:configChanges="orientation"
183-->sportView\demo\AndroidManifest.xml:180:13-48
184            android:screenOrientation="portrait"
184-->sportView\demo\AndroidManifest.xml:181:13-49
185            android:theme="@style/AppTheme.NoActionBar"
185-->sportView\demo\AndroidManifest.xml:182:13-56
186            android:windowSoftInputMode="adjustUnspecified|stateHidden" />
186-->sportView\demo\AndroidManifest.xml:183:13-72
187
188        <!-- 文件管理器 -->
189        <activity
189-->sportView\demo\AndroidManifest.xml:186:9-192:75
190            android:name="com.netease.nim.demo.file.browser.FileBrowserActivity"
190-->sportView\demo\AndroidManifest.xml:187:13-61
191            android:configChanges="orientation"
191-->sportView\demo\AndroidManifest.xml:188:13-48
192            android:label="@string/file_browser"
192-->sportView\demo\AndroidManifest.xml:189:13-49
193            android:screenOrientation="portrait"
193-->sportView\demo\AndroidManifest.xml:190:13-49
194            android:theme="@style/AppTheme.NoActionBar"
194-->sportView\demo\AndroidManifest.xml:191:13-56
195            android:windowSoftInputMode="adjustUnspecified|stateHidden" />
195-->sportView\demo\AndroidManifest.xml:192:13-72
196        <activity
196-->sportView\demo\AndroidManifest.xml:193:9-198:70
197            android:name="com.netease.nim.demo.main.activity.SystemMessageActivity"
197-->sportView\demo\AndroidManifest.xml:194:13-64
198            android:configChanges="keyboardHidden|orientation"
198-->sportView\demo\AndroidManifest.xml:195:13-63
199            android:screenOrientation="portrait"
199-->sportView\demo\AndroidManifest.xml:196:13-49
200            android:theme="@style/AppTheme.NoActionBar"
200-->sportView\demo\AndroidManifest.xml:197:13-56
201            android:windowSoftInputMode="stateHidden|adjustResize" />
201-->sportView\demo\AndroidManifest.xml:198:13-67
202        <activity
202-->sportView\demo\AndroidManifest.xml:199:9-204:70
203            android:name="com.netease.nim.demo.main.activity.CustomNotificationActivity"
203-->sportView\demo\AndroidManifest.xml:200:13-69
204            android:configChanges="keyboardHidden|orientation"
204-->sportView\demo\AndroidManifest.xml:201:13-63
205            android:screenOrientation="portrait"
205-->sportView\demo\AndroidManifest.xml:202:13-49
206            android:theme="@style/AppTheme.NoActionBar"
206-->sportView\demo\AndroidManifest.xml:203:13-56
207            android:windowSoftInputMode="stateHidden|adjustResize" />
207-->sportView\demo\AndroidManifest.xml:204:13-67
208        <activity
208-->sportView\demo\AndroidManifest.xml:205:9-210:70
209            android:name="com.netease.nim.demo.session.activity.MessageHistoryActivity"
209-->sportView\demo\AndroidManifest.xml:206:13-68
210            android:configChanges="keyboardHidden|orientation"
210-->sportView\demo\AndroidManifest.xml:207:13-63
211            android:screenOrientation="portrait"
211-->sportView\demo\AndroidManifest.xml:208:13-49
212            android:theme="@style/AppTheme.NoActionBar"
212-->sportView\demo\AndroidManifest.xml:209:13-56
213            android:windowSoftInputMode="stateHidden|adjustResize" />
213-->sportView\demo\AndroidManifest.xml:210:13-67
214        <activity
214-->sportView\demo\AndroidManifest.xml:211:9-216:70
215            android:name="com.netease.nim.demo.session.activity.MessageInfoActivity"
215-->sportView\demo\AndroidManifest.xml:212:13-65
216            android:configChanges="keyboardHidden|orientation"
216-->sportView\demo\AndroidManifest.xml:213:13-63
217            android:screenOrientation="portrait"
217-->sportView\demo\AndroidManifest.xml:214:13-49
218            android:theme="@style/AppTheme.NoActionBar"
218-->sportView\demo\AndroidManifest.xml:215:13-56
219            android:windowSoftInputMode="stateHidden|adjustResize" />
219-->sportView\demo\AndroidManifest.xml:216:13-67
220        <activity
220-->sportView\demo\AndroidManifest.xml:217:9-222:70
221            android:name="com.netease.nim.demo.team.activity.AdvancedTeamSearchActivity"
221-->sportView\demo\AndroidManifest.xml:218:13-69
222            android:configChanges="keyboardHidden|orientation"
222-->sportView\demo\AndroidManifest.xml:219:13-63
223            android:screenOrientation="portrait"
223-->sportView\demo\AndroidManifest.xml:220:13-49
224            android:theme="@style/AppTheme.NoActionBar"
224-->sportView\demo\AndroidManifest.xml:221:13-56
225            android:windowSoftInputMode="stateHidden|adjustResize" />
225-->sportView\demo\AndroidManifest.xml:222:13-67
226        <activity
226-->sportView\demo\AndroidManifest.xml:223:9-228:70
227            android:name="com.netease.nim.demo.team.activity.AdvancedTeamJoinActivity"
227-->sportView\demo\AndroidManifest.xml:224:13-67
228            android:configChanges="keyboardHidden|orientation"
228-->sportView\demo\AndroidManifest.xml:225:13-63
229            android:screenOrientation="portrait"
229-->sportView\demo\AndroidManifest.xml:226:13-49
230            android:theme="@style/AppTheme.NoActionBar"
230-->sportView\demo\AndroidManifest.xml:227:13-56
231            android:windowSoftInputMode="stateHidden|adjustResize" />
231-->sportView\demo\AndroidManifest.xml:228:13-67
232        <activity
232-->sportView\demo\AndroidManifest.xml:229:9-234:67
233            android:name="com.netease.nim.demo.main.activity.TeamListActivity"
233-->sportView\demo\AndroidManifest.xml:230:13-59
234            android:configChanges="keyboardHidden|orientation"
234-->sportView\demo\AndroidManifest.xml:231:13-63
235            android:screenOrientation="portrait"
235-->sportView\demo\AndroidManifest.xml:232:13-49
236            android:theme="@style/AppTheme.NoActionBar"
236-->sportView\demo\AndroidManifest.xml:233:13-56
237            android:windowSoftInputMode="stateHidden|adjustPan" />
237-->sportView\demo\AndroidManifest.xml:234:13-64
238
239        <!-- 全局搜索 -->
240        <activity
240-->sportView\demo\AndroidManifest.xml:237:9-242:62
241            android:name="com.netease.nim.demo.main.activity.GlobalSearchActivity"
241-->sportView\demo\AndroidManifest.xml:238:13-63
242            android:configChanges="keyboardHidden|orientation"
242-->sportView\demo\AndroidManifest.xml:239:13-63
243            android:screenOrientation="portrait"
243-->sportView\demo\AndroidManifest.xml:240:13-49
244            android:theme="@style/global_search_bg"
244-->sportView\demo\AndroidManifest.xml:241:13-52
245            android:windowSoftInputMode="stateUnspecified" />
245-->sportView\demo\AndroidManifest.xml:242:13-59
246
247        <!-- 查看阅后即焚 -->
248        <activity
248-->sportView\demo\AndroidManifest.xml:245:9-248:59
249            android:name="com.netease.nim.demo.session.activity.WatchSnapChatPictureActivity"
249-->sportView\demo\AndroidManifest.xml:246:13-74
250            android:configChanges="keyboardHidden"
250-->sportView\demo\AndroidManifest.xml:247:13-51
251            android:theme="@style/AppTheme.NoActionBar" />
251-->sportView\demo\AndroidManifest.xml:248:13-56
252        <!-- map -->
253        <!-- <activity -->
254        <!-- android:name=".location.activity.LocationAmapActivity" -->
255        <!-- android:configChanges="keyboardHidden|orientation" -->
256        <!-- android:label="@string/location_map" -->
257        <!-- android:screenOrientation="portrait" -->
258        <!-- android:theme="@style/AppTheme.NoActionBar" /> -->
259        <!-- <activity -->
260        <!-- android:name=".location.activity.NavigationAmapActivity" -->
261        <!-- android:configChanges="keyboardHidden|orientation" -->
262        <!-- android:label="@string/location_navigate" -->
263        <!-- android:screenOrientation="portrait" -->
264        <!-- android:theme="@style/AppTheme.NoActionBar" /> -->
265
266
267        <!-- 音视频 -->
268        <activity
268-->sportView\demo\AndroidManifest.xml:265:9-270:63
269            android:name="com.netease.nim.demo.avchat.activity.AVChatActivity"
269-->sportView\demo\AndroidManifest.xml:266:13-59
270            android:launchMode="singleInstance"
270-->sportView\demo\AndroidManifest.xml:267:13-48
271            android:screenOrientation="portrait"
271-->sportView\demo\AndroidManifest.xml:268:13-49
272            android:theme="@style/FullScreenTheme"
272-->sportView\demo\AndroidManifest.xml:269:13-51
273            android:windowSoftInputMode="stateAlwaysHidden" />
273-->sportView\demo\AndroidManifest.xml:270:13-60
274
275        <!-- 白板 -->
276        <activity
276-->sportView\demo\AndroidManifest.xml:273:9-278:63
277            android:name="com.netease.nim.demo.rts.activity.RTSActivity"
277-->sportView\demo\AndroidManifest.xml:274:13-53
278            android:launchMode="singleInstance"
278-->sportView\demo\AndroidManifest.xml:275:13-48
279            android:screenOrientation="portrait"
279-->sportView\demo\AndroidManifest.xml:276:13-49
280            android:theme="@style/AppTheme.NoActionBar"
280-->sportView\demo\AndroidManifest.xml:277:13-56
281            android:windowSoftInputMode="stateAlwaysHidden" />
281-->sportView\demo\AndroidManifest.xml:278:13-60
282
283        <!-- 消息历史搜索 -->
284        <activity
284-->sportView\demo\AndroidManifest.xml:281:9-286:72
285            android:name="com.netease.nim.demo.session.search.SearchMessageActivity"
285-->sportView\demo\AndroidManifest.xml:282:13-65
286            android:configChanges="keyboardHidden|orientation"
286-->sportView\demo\AndroidManifest.xml:283:13-63
287            android:screenOrientation="portrait"
287-->sportView\demo\AndroidManifest.xml:284:13-49
288            android:theme="@style/global_search_bg"
288-->sportView\demo\AndroidManifest.xml:285:13-52
289            android:windowSoftInputMode="adjustPan|stateUnspecified" />
289-->sportView\demo\AndroidManifest.xml:286:13-69
290        <activity
290-->sportView\demo\AndroidManifest.xml:287:9-292:70
291            android:name="com.netease.nim.demo.session.search.DisplayMessageActivity"
291-->sportView\demo\AndroidManifest.xml:288:13-66
292            android:configChanges="keyboardHidden|orientation"
292-->sportView\demo\AndroidManifest.xml:289:13-63
293            android:screenOrientation="portrait"
293-->sportView\demo\AndroidManifest.xml:290:13-49
294            android:theme="@style/AppTheme.NoActionBar"
294-->sportView\demo\AndroidManifest.xml:291:13-56
295            android:windowSoftInputMode="stateHidden|adjustResize" />
295-->sportView\demo\AndroidManifest.xml:292:13-67
296
297        <!-- 聊天室 -->
298        <activity
298-->sportView\demo\AndroidManifest.xml:295:9-299:70
299            android:name="com.netease.nim.demo.chatroom.activity.ChatRoomActivity"
299-->sportView\demo\AndroidManifest.xml:296:13-63
300            android:screenOrientation="portrait"
300-->sportView\demo\AndroidManifest.xml:297:13-49
301            android:theme="@style/AppTheme.NoActionBar"
301-->sportView\demo\AndroidManifest.xml:298:13-56
302            android:windowSoftInputMode="stateHidden|adjustResize" />
302-->sportView\demo\AndroidManifest.xml:299:13-67
303
304        <!-- NRTC Settings -->
305        <activity
305-->sportView\demo\AndroidManifest.xml:302:9-304:52
306            android:name="com.netease.nim.demo.avchat.activity.AVChatSettingsActivity"
306-->sportView\demo\AndroidManifest.xml:303:13-67
307            android:screenOrientation="portrait" />
307-->sportView\demo\AndroidManifest.xml:304:13-49
308
309        <!-- 声明云信后台服务 -->
310        <service
310-->sportView\demo\AndroidManifest.xml:307:9-309:39
311            android:name="com.netease.nimlib.service.NimService"
311-->sportView\demo\AndroidManifest.xml:308:13-65
312            android:process=":core" />
312-->sportView\demo\AndroidManifest.xml:309:13-36
313
314        <!-- 运行后台辅助服务 -->
315        <service
315-->sportView\demo\AndroidManifest.xml:312:9-314:39
316            android:name="com.netease.nimlib.service.NimService$Aux"
316-->sportView\demo\AndroidManifest.xml:313:13-69
317            android:process=":core" />
317-->sportView\demo\AndroidManifest.xml:314:13-36
318
319        <!-- 云信SDK的监视系统启动和网络变化的广播接收器，用户开机自启动以及网络变化时候重新登录 -->
320        <receiver
320-->sportView\demo\AndroidManifest.xml:317:9-325:20
321            android:name="com.netease.nimlib.service.NimReceiver"
321-->sportView\demo\AndroidManifest.xml:318:13-66
322            android:exported="false"